{"C:\\Users\\venka\\OneDrive\\Documents\\task_tracker\\utils\\clearContainers.js": {"path":"C:\\Users\\venka\\OneDrive\\Documents\\task_tracker\\utils\\clearContainers.js","statementMap":{"0":{"start":{"line":2,"column":4},"end":{"line":2,"column":23}},"1":{"start":{"line":3,"column":4},"end":{"line":3,"column":27}},"2":{"start":{"line":4,"column":4},"end":{"line":4,"column":27}},"3":{"start":{"line":5,"column":4},"end":{"line":5,"column":29}}},"fnMap":{"0":{"name":"clearContainers","decl":{"start":{"line":1,"column":16},"end":{"line":1,"column":31}},"loc":{"start":{"line":1,"column":63},"end":{"line":6,"column":3}},"line":1}},"branchMap":{},"s":{"0":1,"1":1,"2":1,"3":1},"f":{"0":1},"b":{},"_coverageSchema":"1a1c01bbd47fc00a2c39e90264f33305004495a9","hash":"73272418412ecfcc7114563f796056e33faf9d3a"}
,"C:\\Users\\venka\\OneDrive\\Documents\\task_tracker\\utils\\createButton.js": {"path":"C:\\Users\\venka\\OneDrive\\Documents\\task_tracker\\utils\\createButton.js","statementMap":{"0":{"start":{"line":2,"column":19},"end":{"line":2,"column":51}},"1":{"start":{"line":3,"column":4},"end":{"line":3,"column":44}},"2":{"start":{"line":4,"column":17},"end":{"line":4,"column":114}},"3":{"start":{"line":5,"column":4},"end":{"line":5,"column":40}},"4":{"start":{"line":6,"column":4},"end":{"line":6,"column":18}}},"fnMap":{"0":{"name":"createButton","decl":{"start":{"line":1,"column":16},"end":{"line":1,"column":28}},"loc":{"start":{"line":1,"column":46},"end":{"line":7,"column":3}},"line":1}},"branchMap":{"0":{"loc":{"start":{"line":4,"column":17},"end":{"line":4,"column":114}},"type":"cond-expr","locations":[{"start":{"line":4,"column":43},"end":{"line":4,"column":76}},{"start":{"line":4,"column":79},"end":{"line":4,"column":114}}],"line":4}},"s":{"0":2,"1":2,"2":2,"3":2,"4":2},"f":{"0":2},"b":{"0":[1,1]},"_coverageSchema":"1a1c01bbd47fc00a2c39e90264f33305004495a9","hash":"65d5de5b7ad75c630813788583e9141450b77b71"}
,"C:\\Users\\venka\\OneDrive\\Documents\\task_tracker\\utils\\dateAndTime.js": {"path":"C:\\Users\\venka\\OneDrive\\Documents\\task_tracker\\utils\\dateAndTime.js","statementMap":{"0":{"start":{"line":4,"column":15},"end":{"line":4,"column":46}},"1":{"start":{"line":5,"column":15},"end":{"line":5,"column":46}},"2":{"start":{"line":6,"column":4},"end":{"line":6,"column":28}}},"fnMap":{"0":{"name":"dateAndTime","decl":{"start":{"line":3,"column":16},"end":{"line":3,"column":27}},"loc":{"start":{"line":3,"column":29},"end":{"line":7,"column":3}},"line":3}},"branchMap":{},"s":{"0":1,"1":1,"2":1},"f":{"0":1},"b":{},"_coverageSchema":"1a1c01bbd47fc00a2c39e90264f33305004495a9","hash":"08f4cc963347033e180ad5c7e13129cc281c80f8"}
,"C:\\Users\\venka\\OneDrive\\Documents\\task_tracker\\utils\\filter.js": {"path":"C:\\Users\\venka\\OneDrive\\Documents\\task_tracker\\utils\\filter.js","statementMap":{"0":{"start":{"line":3,"column":17},"end":{"line":3,"column":19}},"1":{"start":{"line":4,"column":21},"end":{"line":4,"column":25}},"2":{"start":{"line":8,"column":4},"end":{"line":8,"column":47}},"3":{"start":{"line":10,"column":4},"end":{"line":26,"column":5}},"4":{"start":{"line":11,"column":6},"end":{"line":11,"column":36}},"5":{"start":{"line":13,"column":6},"end":{"line":23,"column":14}},"6":{"start":{"line":14,"column":8},"end":{"line":22,"column":11}},"7":{"start":{"line":15,"column":10},"end":{"line":21,"column":11}},"8":{"start":{"line":16,"column":40},"end":{"line":16,"column":88}},"9":{"start":{"line":17,"column":12},"end":{"line":17,"column":56}},"10":{"start":{"line":19,"column":40},"end":{"line":19,"column":88}},"11":{"start":{"line":20,"column":12},"end":{"line":20,"column":53}},"12":{"start":{"line":25,"column":6},"end":{"line":25,"column":36}},"13":{"start":{"line":30,"column":2},"end":{"line":35,"column":5}},"14":{"start":{"line":31,"column":34},"end":{"line":31,"column":82}},"15":{"start":{"line":32,"column":6},"end":{"line":34,"column":7}},"16":{"start":{"line":33,"column":10},"end":{"line":33,"column":55}}},"fnMap":{"0":{"name":"filterInputFunc","decl":{"start":{"line":6,"column":17},"end":{"line":6,"column":32}},"loc":{"start":{"line":6,"column":50},"end":{"line":27,"column":3}},"line":6},"1":{"name":"(anonymous_1)","decl":{"start":{"line":13,"column":35},"end":{"line":13,"column":36}},"loc":{"start":{"line":13,"column":47},"end":{"line":23,"column":7}},"line":13},"2":{"name":"(anonymous_2)","decl":{"start":{"line":14,"column":30},"end":{"line":14,"column":31}},"loc":{"start":{"line":14,"column":38},"end":{"line":22,"column":9}},"line":14},"3":{"name":"removeHideClass","decl":{"start":{"line":29,"column":16},"end":{"line":29,"column":31}},"loc":{"start":{"line":29,"column":46},"end":{"line":36,"column":1}},"line":29},"4":{"name":"(anonymous_4)","decl":{"start":{"line":30,"column":24},"end":{"line":30,"column":25}},"loc":{"start":{"line":30,"column":34},"end":{"line":35,"column":3}},"line":30}},"branchMap":{"0":{"loc":{"start":{"line":10,"column":4},"end":{"line":26,"column":5}},"type":"if","locations":[{"start":{"line":10,"column":4},"end":{"line":26,"column":5}},{"start":{"line":24,"column":9},"end":{"line":26,"column":5}}],"line":10},"1":{"loc":{"start":{"line":15,"column":10},"end":{"line":21,"column":11}},"type":"if","locations":[{"start":{"line":15,"column":10},"end":{"line":21,"column":11}},{"start":{"line":18,"column":15},"end":{"line":21,"column":11}}],"line":15},"2":{"loc":{"start":{"line":32,"column":6},"end":{"line":34,"column":7}},"type":"if","locations":[{"start":{"line":32,"column":6},"end":{"line":34,"column":7}},{"start":{},"end":{}}],"line":32}},"s":{"0":1,"1":1,"2":4,"3":4,"4":3,"5":3,"6":3,"7":6,"8":2,"9":2,"10":4,"11":4,"12":1,"13":2,"14":4,"15":4,"16":4},"f":{"0":4,"1":3,"2":6,"3":2,"4":4},"b":{"0":[3,1],"1":[2,4],"2":[4,0]},"_coverageSchema":"1a1c01bbd47fc00a2c39e90264f33305004495a9","hash":"c436b5729906a4724b512829dc6fb4c48a49807d"}
,"C:\\Users\\venka\\OneDrive\\Documents\\task_tracker\\utils\\popUpClose.js": {"path":"C:\\Users\\venka\\OneDrive\\Documents\\task_tracker\\utils\\popUpClose.js","statementMap":{"0":{"start":{"line":3,"column":4},"end":{"line":5,"column":5}},"1":{"start":{"line":4,"column":8},"end":{"line":4,"column":37}}},"fnMap":{"0":{"name":"popUpClose","decl":{"start":{"line":2,"column":16},"end":{"line":2,"column":26}},"loc":{"start":{"line":2,"column":34},"end":{"line":6,"column":1}},"line":2}},"branchMap":{"0":{"loc":{"start":{"line":3,"column":4},"end":{"line":5,"column":5}},"type":"if","locations":[{"start":{"line":3,"column":4},"end":{"line":5,"column":5}},{"start":{},"end":{}}],"line":3}},"s":{"0":1,"1":1},"f":{"0":1},"b":{"0":[1,0]},"_coverageSchema":"1a1c01bbd47fc00a2c39e90264f33305004495a9","hash":"fefbc813f2cbe4ba5d03e5926eba9c7c2c33a4c7"}
,"C:\\Users\\venka\\OneDrive\\Documents\\task_tracker\\utils\\theme.js": {"path":"C:\\Users\\venka\\OneDrive\\Documents\\task_tracker\\utils\\theme.js","statementMap":{"0":{"start":{"line":4,"column":17},"end":{"line":4,"column":60}},"1":{"start":{"line":5,"column":4},"end":{"line":8,"column":5}},"2":{"start":{"line":6,"column":6},"end":{"line":6,"column":39}},"3":{"start":{"line":7,"column":6},"end":{"line":7,"column":31}},"4":{"start":{"line":9,"column":3},"end":{"line":19,"column":4}},"5":{"start":{"line":10,"column":4},"end":{"line":18,"column":7}},"6":{"start":{"line":11,"column":6},"end":{"line":17,"column":7}},"7":{"start":{"line":12,"column":8},"end":{"line":12,"column":49}},"8":{"start":{"line":13,"column":8},"end":{"line":13,"column":41}},"9":{"start":{"line":15,"column":8},"end":{"line":15,"column":44}},"10":{"start":{"line":16,"column":8},"end":{"line":16,"column":50}}},"fnMap":{"0":{"name":"loadDarkMode","decl":{"start":{"line":3,"column":16},"end":{"line":3,"column":28}},"loc":{"start":{"line":3,"column":45},"end":{"line":20,"column":3}},"line":3},"1":{"name":"(anonymous_1)","decl":{"start":{"line":10,"column":41},"end":{"line":10,"column":42}},"loc":{"start":{"line":10,"column":47},"end":{"line":18,"column":5}},"line":10}},"branchMap":{"0":{"loc":{"start":{"line":5,"column":4},"end":{"line":8,"column":5}},"type":"if","locations":[{"start":{"line":5,"column":4},"end":{"line":8,"column":5}},{"start":{},"end":{}}],"line":5},"1":{"loc":{"start":{"line":9,"column":3},"end":{"line":19,"column":4}},"type":"if","locations":[{"start":{"line":9,"column":3},"end":{"line":19,"column":4}},{"start":{},"end":{}}],"line":9},"2":{"loc":{"start":{"line":11,"column":6},"end":{"line":17,"column":7}},"type":"if","locations":[{"start":{"line":11,"column":6},"end":{"line":17,"column":7}},{"start":{"line":14,"column":13},"end":{"line":17,"column":7}}],"line":11}},"s":{"0":4,"1":4,"2":1,"3":1,"4":4,"5":4,"6":7,"7":3,"8":3,"9":4,"10":4},"f":{"0":4,"1":7},"b":{"0":[1,3],"1":[4,0],"2":[3,4]},"_coverageSchema":"1a1c01bbd47fc00a2c39e90264f33305004495a9","hash":"d29318cab063b549ace7dc9f1b11383a356c31cf"}
}
