TN:
SF:utils\createButton.js
FN:1,createButton
FNF:1
FNH:1
FNDA:2,createButton
DA:2,2
DA:3,2
DA:4,2
DA:5,2
DA:6,2
LF:5
LH:5
BRDA:4,0,0,1
BRDA:4,0,1,1
BRF:2
BRH:2
end_of_record
TN:
SF:utils\dateAndTime.js
FN:3,dateAndTime
FNF:1
FNH:1
FNDA:1,dateAndTime
DA:4,1
DA:5,1
DA:6,1
LF:3
LH:3
BRF:0
BRH:0
end_of_record
TN:
SF:utils\filter.js
FN:6,filterInputFunc
FN:13,(anonymous_1)
FN:14,(anonymous_2)
FN:29,removeHideClass
FN:30,(anonymous_4)
FNF:5
FNH:5
FNDA:4,filterInputFunc
FNDA:3,(anonymous_1)
FNDA:6,(anonymous_2)
FNDA:2,removeHideClass
FNDA:4,(anonymous_4)
DA:3,1
DA:4,1
DA:8,4
DA:10,4
DA:11,3
DA:13,3
DA:14,3
DA:15,6
DA:16,2
DA:17,2
DA:19,4
DA:20,4
DA:25,1
DA:30,2
DA:31,4
DA:32,4
DA:33,4
LF:17
LH:17
BRDA:10,0,0,3
BRDA:10,0,1,1
BRDA:15,1,0,2
BRDA:15,1,1,4
BRDA:32,2,0,4
BRDA:32,2,1,0
BRF:6
BRH:5
end_of_record
TN:
SF:utils\popUpClose.js
FN:2,popUpClose
FNF:1
FNH:1
FNDA:1,popUpClose
DA:3,1
DA:4,1
LF:2
LH:2
BRDA:3,0,0,1
BRDA:3,0,1,0
BRF:2
BRH:1
end_of_record
TN:
SF:utils\theme.js
FN:3,loadDarkMode
FN:10,(anonymous_1)
FNF:2
FNH:2
FNDA:4,loadDarkMode
FNDA:7,(anonymous_1)
DA:4,4
DA:5,4
DA:6,1
DA:7,1
DA:9,4
DA:10,4
DA:11,7
DA:12,3
DA:13,3
DA:15,4
DA:16,4
LF:11
LH:11
BRDA:5,0,0,1
BRDA:5,0,1,3
BRDA:9,1,0,4
BRDA:9,1,1,0
BRDA:11,2,0,3
BRDA:11,2,1,4
BRF:6
BRH:5
end_of_record
