TN:
SF:utils\createButton.js
FN:1,createButton
FNF:1
FNH:1
FNDA:2,createButton
DA:2,2
DA:3,2
DA:4,2
DA:5,2
DA:6,2
LF:5
LH:5
BRDA:4,0,0,1
BRDA:4,0,1,1
BRF:2
BRH:2
end_of_record
TN:
SF:utils\dateAndTime.js
FN:3,dateAndTime
FNF:1
FNH:1
FNDA:1,dateAndTime
DA:4,1
DA:5,1
DA:6,1
LF:3
LH:3
BRF:0
BRH:0
end_of_record
TN:
SF:utils\filter.js
FN:8,filterInputFunc
FN:15,(anonymous_1)
FN:16,(anonymous_2)
FN:31,removeHideClass
FN:32,(anonymous_4)
FNF:5
FNH:3
FNDA:3,filterInputFunc
FNDA:2,(anonymous_1)
FNDA:0,(anonymous_2)
FNDA:1,removeHideClass
FNDA:0,(anonymous_4)
DA:2,1
DA:3,1
DA:4,1
DA:10,3
DA:12,3
DA:13,2
DA:15,2
DA:16,2
DA:17,0
DA:18,0
DA:19,0
DA:21,0
DA:22,0
DA:27,1
DA:32,1
DA:33,0
DA:34,0
DA:35,0
LF:18
LH:10
BRDA:2,0,0,1
BRDA:2,0,1,1
BRDA:12,1,0,2
BRDA:12,1,1,1
BRDA:17,2,0,0
BRDA:17,2,1,0
BRDA:34,3,0,0
BRDA:34,3,1,0
BRF:8
BRH:4
end_of_record
TN:
SF:utils\popUpClose.js
FN:2,popUpClose
FNF:1
FNH:1
FNDA:1,popUpClose
DA:3,1
DA:4,1
LF:2
LH:2
BRDA:3,0,0,1
BRDA:3,0,1,0
BRF:2
BRH:1
end_of_record
TN:
SF:utils\theme.js
FN:3,loadDarkMode
FN:10,(anonymous_1)
FNF:2
FNH:2
FNDA:4,loadDarkMode
FNDA:7,(anonymous_1)
DA:4,4
DA:5,4
DA:6,1
DA:7,1
DA:9,4
DA:10,4
DA:11,7
DA:12,3
DA:13,3
DA:15,4
DA:16,4
LF:11
LH:11
BRDA:5,0,0,1
BRDA:5,0,1,3
BRDA:9,1,0,4
BRDA:9,1,1,0
BRDA:11,2,0,3
BRDA:11,2,1,4
BRF:6
BRH:5
end_of_record
